<?xml version="1.0" encoding="UTF-8"?>
<!-- Generated by org.testng.reporters.JUnitXMLReporter -->
<testsuite ignored="0" hostname="DESKTOP-IFC8K9O" failures="0" tests="10" name="Practice" time="0.131" errors="0" timestamp="2026-01-06T16:13:12 IST">
  <testcase classname="test.Practice_1" name="method_1" time="0.014"/>
  <testcase classname="test.Practice_1" name="method_2" time="0.002"/>
  <testcase classname="test.Practice_1" name="method_3" time="0.002"/>
  <testcase classname="test.Practice_2" name="method1" time="0.002"/>
  <testcase classname="test.Practice_3" name="method_1" time="0.002"/>
  <testcase classname="test.Practice_3" name="method_2" time="0.002"/>
  <testcase classname="test.Practice_3" name="method_3" time="0.002"/>
  <testcase classname="test.Practice_4" name="method_1" time="0.001"/>
  <testcase classname="test.Practice_4" name="method_2" time="0.002"/>
  <testcase classname="test.Practice_4" name="method_3" time="0.003"/>
</testsuite> <!-- Practice -->
