<?xml version="1.0" encoding="UTF-8"?>
<!-- Generated by org.testng.reporters.JUnitXMLReporter -->
<testsuite ignored="0" hostname="DESKTOP-IFC8K9O" failures="0" tests="4" name="Practice Tests" time="0.09" errors="0" timestamp="2026-01-06T15:01:24 IST">
  <testcase classname="test.Practice_1" name="practice1_class" time="0.01"/>
  <testcase classname="test.Practice_1" name="printMessage1" time="0.001"/>
  <testcase classname="test.Practice_1" name="printMessage2" time="0.001"/>
  <testcase classname="test.Practice_2" name="practice2_class" time="0.002"/>
</testsuite> <!-- Practice Tests -->
