<?xml version="1.0" encoding="UTF-8"?>
<!-- Generated by org.testng.reporters.JUnitXMLReporter -->
<testsuite ignored="1" hostname="DESKTOP-IFC8K9O" failures="0" tests="5" name="Practice Tests2" time="0.038" errors="0" timestamp="2026-01-06T21:39:56 IST">
  <testcase classname="test.Practice_3" name="method_1" time="0.002"/>
  <testcase classname="test.Practice_3" name="method_2" time="0.002"/>
  <testcase classname="test.Practice_3" name="method_3" time="0.002"/>
  <testcase classname="test.Practice_4" name="method_1" time="0.003"/>
  <testcase classname="test.Practice_4" name="method_3" time="0.003"/>
  <testcase classname="test.Practice_4" name="method_2" time="0.0">
    <ignored/>
  </testcase> <!-- method_2 -->
</testsuite> <!-- Practice Tests2 -->
