<?xml version="1.0" encoding="UTF-8"?>
<!-- Generated by org.testng.reporters.JUnitXMLReporter -->
<testsuite ignored="0" hostname="DESKTOP-IFC8K9O" failures="1" tests="2" name="Practice Tests 1" time="0.09" errors="0" timestamp="2026-01-06T22:28:15 IST">
  <testcase classname="test.Practice_2" name="method1" time="0.011"/>
  <testcase classname="test.Practice_2" name="method2" time="0.015">
    <failure type="java.lang.AssertionError" message="expected [true] but found [false]">
      <![CDATA[java.lang.AssertionError: expected [true] but found [false]
at test.Practice_2.method2(Practice_2.java:16)
at java.base/java.util.ArrayList.forEach(ArrayList.java:1597)
... Removed 29 stack frames]]>
    </failure>
  </testcase> <!-- method2 -->
</testsuite> <!-- Practice Tests 1 -->
