<?xml version="1.0" encoding="UTF-8"?>
<!-- Generated by org.testng.reporters.JUnitReportReporter -->
<testsuite hostname="DESKTOP-IFC8K9O" failures="0" tests="3" name="test.Practice_3" time="0.006" errors="0" timestamp="2026-01-06T21:39:57 IST" skipped="0">
  <testcase classname="test.Practice_3" name="method_3" time="0.002"/>
  <testcase classname="test.Practice_3" name="method_1" time="0.002"/>
  <testcase classname="test.Practice_3" name="method_2" time="0.002"/>
</testsuite> <!-- test.Practice_3 -->
