<?xml version="1.0" encoding="UTF-8"?>
<!-- Generated by org.testng.reporters.JUnitReportReporter -->
<testsuite hostname="DESKTOP-IFC8K9O" failures="0" tests="5" name="test.Practice_1" time="0.013" errors="0" timestamp="2026-01-06T21:56:17 IST" skipped="2">
  <testcase classname="test.Practice_1" name="method_2" time="0.002"/>
  <testcase classname="test.Practice_1" name="method_2" time="0.001"/>
  <testcase classname="test.Practice_1" name="method_2" time="0.010"/>
  <testcase classname="test.Practice_1" name="method_3">
    <skipped/>
  </testcase> <!-- method_3 -->
  <testcase classname="test.Practice_1" name="method_1">
    <skipped/>
  </testcase> <!-- method_1 -->
</testsuite> <!-- test.Practice_1 -->
